<?xml version="1.0" encoding="UTF-8"?>
<!-- Generated by org.testng.reporters.JUnitXMLReporter -->
<testsuite ignored="4" hostname="mohammedbarhoum" failures="0" tests="3" name="WebsitePart1" time="20.763" errors="0" timestamp="2023-02-21T02:20:01 IST">
  <testcase classname="First_Test.E_CommerceTest" name="OpenWebSite" time="4.834"/>
  <testcase classname="First_Test.E_CommerceTest" name="Signin" time="12.68"/>
  <testcase classname="First_Test.E_CommerceTest" name="Login" time="3.218"/>
  <testcase classname="First_Test.E_CommerceTest" name="Mobile_Nokia1520" time="0.0">
    <ignored/>
  </testcase> <!-- Mobile_Nokia1520 -->
  <testcase classname="First_Test.E_CommerceTest" name="Contact_Us" time="0.0">
    <ignored/>
  </testcase> <!-- Contact_Us -->
  <testcase classname="First_Test.E_CommerceTest" name="Testmobile" time="0.0">
    <ignored/>
  </testcase> <!-- Testmobile -->
  <testcase classname="First_Test.E_CommerceTest" name="About_Us" time="0.0">
    <ignored/>
  </testcase> <!-- About_Us -->
</testsuite> <!-- WebsitePart1 -->
