<?xml version="1.0" encoding="UTF-8"?>
<!-- Generated by org.testng.reporters.JUnitXMLReporter -->
<testsuite ignored="4" hostname="mohammedbarhoum" failures="0" tests="3" name="WebsitePart2" time="26.243" errors="0" timestamp="2023-02-21T02:20:27 IST">
  <testcase classname="First_Test.E_CommerceTest" name="OpenWebSite" time="2.4"/>
  <testcase classname="First_Test.E_CommerceTest" name="Contact_Us" time="13.489"/>
  <testcase classname="First_Test.E_CommerceTest" name="About_Us" time="10.353"/>
  <testcase classname="First_Test.E_CommerceTest" name="Mobile_Nokia1520" time="0.0">
    <ignored/>
  </testcase> <!-- Mobile_Nokia1520 -->
  <testcase classname="First_Test.E_CommerceTest" name="Testmobile" time="0.0">
    <ignored/>
  </testcase> <!-- Testmobile -->
  <testcase classname="First_Test.E_CommerceTest" name="Signin" time="0.0">
    <ignored/>
  </testcase> <!-- Signin -->
  <testcase classname="First_Test.E_CommerceTest" name="Login" time="0.0">
    <ignored/>
  </testcase> <!-- Login -->
</testsuite> <!-- WebsitePart2 -->
