<?xml version="1.0" encoding="UTF-8"?>
<!-- Generated by org.testng.reporters.JUnitXMLReporter -->
<testsuite ignored="2" hostname="mohammedbarhoum" failures="1" tests="1" name="Test2" time="2.6" errors="0" timestamp="2023-03-03T03:52:59 IST">
  <testcase classname="ScreenShot.ScreenShot" name="Login" time="0.001">
    <failure type="java.lang.NullPointerException" message="Cannot invoke &amp;quot;org.openqa.selenium.WebDriver.findElement(org.openqa.selenium.By)&amp;quot; because &amp;quot;this.driver&amp;quot; is null">
      <![CDATA[java.lang.NullPointerException: Cannot invoke "org.openqa.selenium.WebDriver.findElement(org.openqa.selenium.By)" because "this.driver" is null
at ScreenShot.ScreenShot.Login(ScreenShot.java:42)
at java.base/java.util.ArrayList.forEach(ArrayList.java:1511)
... Removed 27 stack frames]]>
    </failure>
  </testcase> <!-- Login -->
  <testcase classname="ScreenShot.ScreenShot" name="Signin" time="0.0">
    <ignored/>
  </testcase> <!-- Signin -->
  <testcase classname="ScreenShot.ScreenShot" name="Contact_Us" time="0.0">
    <ignored/>
  </testcase> <!-- Contact_Us -->
</testsuite> <!-- Test2 -->
