<?xml version="1.0" encoding="UTF-8"?>
<!-- Generated by org.testng.reporters.JUnitXMLReporter -->
<testsuite ignored="0" hostname="mohammedbarhoum" failures="1" tests="5" name="TestDepances" time="0.038" errors="0" timestamp="2023-02-26T02:20:11 IST">
  <testcase classname="DepandcesTest.TestGroupDEp" name="test1" time="0.004"/>
  <testcase classname="DepandcesTest.TestGroupDEp" name="test2" time="0.001"/>
  <testcase classname="DepandcesTest.TestGroupDEp" name="test3" time="0.0">
    <failure type="java.lang.ArithmeticException" message="/ by zero">
      <![CDATA[java.lang.ArithmeticException: / by zero
at DepandcesTest.TestGroupDEp.test3(TestGroupDEp.java:19)
at java.base/java.util.ArrayList.forEach(ArrayList.java:1511)
... Removed 27 stack frames]]>
    </failure>
  </testcase> <!-- test3 -->
  <testcase classname="DepandcesTest.TestGroupDEp" name="test4" time="0.0">
    <skipped/>
  </testcase> <!-- test4 -->
  <testcase classname="DepandcesTest.TestGroupDEp" name="test5" time="0.0">
    <skipped/>
  </testcase> <!-- test5 -->
</testsuite> <!-- TestDepances -->
