<?xml version="1.0" encoding="UTF-8"?>
<!-- Generated by org.testng.reporters.JUnitXMLReporter -->
<testsuite ignored="0" hostname="mohammedbarhoum" failures="0" tests="6" name="Test" time="0.033" errors="0" timestamp="2023-02-24T23:51:42 IST">
  <testcase classname="TestGroup.NewTest" name="Test1" time="0.004"/>
  <testcase classname="TestGroup.NewTest" name="Test2" time="0.001"/>
  <testcase classname="TestGroup.NewTest" name="Test3" time="0.001"/>
  <testcase classname="TestGroup.NewTest" name="Test4" time="0.001"/>
  <testcase classname="TestGroup.NewTest" name="Test5" time="0.001"/>
  <testcase classname="TestGroup.NewTest" name="Test6" time="0.001"/>
</testsuite> <!-- Test -->
