<?xml version="1.0" encoding="UTF-8"?>
<!-- Generated by org.testng.reporters.JUnitXMLReporter -->
<testsuite ignored="2" hostname="mohammedbarhoum" failures="0" tests="1" name="TestPart3" time="26.458" errors="0" timestamp="2023-02-23T01:07:17 IST">
  <testcase classname="First_Test.Test_AddToCart" name="Add_To_Cart_Part1" time="23.0"/>
  <testcase classname="First_Test.Test_AddToCart" name="The_Total" time="0.0">
    <ignored/>
  </testcase> <!-- The_Total -->
  <testcase classname="First_Test.Test_AddToCart" name="Test_Add_To_Cart_Part2" time="0.0">
    <ignored/>
  </testcase> <!-- Test_Add_To_Cart_Part2 -->
</testsuite> <!-- TestPart3 -->
