<?xml version="1.0" encoding="UTF-8"?>
<!-- Generated by org.testng.reporters.JUnitXMLReporter -->
<testsuite ignored="4" hostname="mohammedbarhoum" failures="0" tests="3" name="WebsitePart2" time="25.347" errors="0" timestamp="2023-02-27T00:08:53 IST">
  <testcase classname="First_Test.E_CommerceTest" name="OpenWebSite" time="1.846"/>
  <testcase classname="First_Test.E_CommerceTest" name="Contact_Us" time="13.3"/>
  <testcase classname="First_Test.E_CommerceTest" name="About_Us" time="10.197"/>
  <testcase classname="First_Test.E_CommerceTest" name="Mobile_Nokia1520" time="0.0">
    <ignored/>
  </testcase> <!-- Mobile_Nokia1520 -->
  <testcase classname="First_Test.E_CommerceTest" name="Testmobile" time="0.0">
    <ignored/>
  </testcase> <!-- Testmobile -->
  <testcase classname="First_Test.E_CommerceTest" name="Signin" time="0.0">
    <ignored/>
  </testcase> <!-- Signin -->
  <testcase classname="First_Test.E_CommerceTest" name="Login" time="0.0">
    <ignored/>
  </testcase> <!-- Login -->
</testsuite> <!-- WebsitePart2 -->
